#-----------------------------------------------------------
# Vivado v2021.1 (64-bit)
# SW Build 3247384 on Thu Jun 10 19:36:33 MDT 2021
# IP Build 3246043 on Fri Jun 11 00:30:35 MDT 2021
# Start of session at: Sat Aug 10 17:14:40 2024
# Process ID: 9804
# Current directory: E:/github/pruebas_ipd432/LEDs_SW
# Command line: vivado.exe -gui_launcher_event rodinguilauncherevent1724 E:\github\pruebas_ipd432\LEDs_SW\LEDs_SW.xpr
# Log file: E:/github/pruebas_ipd432/LEDs_SW/vivado.log
# Journal file: E:/github/pruebas_ipd432/LEDs_SW\vivado.jou
#-----------------------------------------------------------
start_gui
open_project E:/github/pruebas_ipd432/LEDs_SW/LEDs_SW.xpr
INFO: [Project 1-313] Project file moved from 'C:/Users/danie/OneDrive - Universidad Tcnica Federico Santa Mara/Escritorio/u/IPD432/pruebas/LEDs_SW' since last save.
WARNING: [filemgmt 56-2] Default IP Output Path : Could not find the directory 'E:/github/pruebas_ipd432/LEDs_SW/LEDs_SW.gen/sources_1', nor could it be found using path 'C:/Users/danie/OneDrive - Universidad Tcnica Federico Santa Mara/Escritorio/u/IPD432/pruebas/LEDs_SW/LEDs_SW.gen/sources_1'.
CRITICAL WARNING: [Project 1-311] Could not find the file 'E:/../../../OneDrive - Universidad Técnica Federico Santa María/Escritorio/u/IPD432/pruebas/Nexys-4-DDR-Master.xdc', nor could it be found using path 'C:/Users/danie/OneDrive - Universidad Técnica Federico Santa María/Escritorio/u/IPD432/pruebas/Nexys-4-DDR-Master.xdc'.
Scanning sources...
Finished scanning sources
INFO: [IP_Flow 19-234] Refreshing IP repositories
INFO: [IP_Flow 19-1704] No user IP repositories specified
INFO: [IP_Flow 19-2313] Loaded Vivado IP repository 'D:/Xilinx/Vivado/2021.1/data/ip'.
open_project: Time (s): cpu = 00:00:12 ; elapsed = 00:00:06 . Memory (MB): peak = 1135.352 ; gain = 0.000
update_compile_order -fileset sources_1
add_files -fileset constrs_1 -norecurse E:/github/pruebas_ipd432/Nexys-4-DDR-Master.xdc
