
*** Running vivado
    with args -log main.vdi -applog -m64 -product Vivado -messageDb vivado.pb -mode batch -source main.tcl -notrace



****** Vivado v2024.1 (64-bit)
  **** SW Build 5076996 on Wed May 22 18:37:14 MDT 2024
  **** IP Build 5075265 on Wed May 22 21:45:21 MDT 2024
  **** SharedData Build 5076995 on Wed May 22 18:29:18 MDT 2024
  **** Start of session at: Tue Aug 27 22:01:39 2024
    ** Copyright 1986-2022 Xilinx, Inc. All Rights Reserved.
    ** Copyright 2022-2024 Advanced Micro Devices, Inc. All Rights Reserved.

source main.tcl -notrace
create_project: Time (s): cpu = 00:00:07 ; elapsed = 00:00:07 . Memory (MB): peak = 485.074 ; gain = 199.926
Command: link_design -top main -part xc7a100tcsg324-1
Design is defaulting to srcset: sources_1
Design is defaulting to constrset: constrs_1
INFO: [Device 21-403] Loading part xc7a100tcsg324-1
INFO: [Device 21-9227] Part: xc7a100tcsg324-1 does not have CEAM library.
Netlist sorting complete. Time (s): cpu = 00:00:00 ; elapsed = 00:00:00 . Memory (MB): peak = 907.988 ; gain = 0.000
INFO: [Netlist 29-17] Analyzing 3 Unisim elements for replacement
INFO: [Netlist 29-28] Unisim Transformation completed in 0 CPU seconds
INFO: [Project 1-479] Netlist was created with Vivado 2024.1
INFO: [Project 1-570] Preparing netlist for logic optimization
Parsing XDC File [E:/github/pruebas_ipd432/nombre_seven_seg/Nexys-4-DDR-Master.xdc]
WARNING: [Vivado 12-584] No ports matched 'SW[0]'. [E:/github/pruebas_ipd432/nombre_seven_seg/Nexys-4-DDR-Master.xdc:13]
CRITICAL WARNING: [Common 17-55] 'set_property' expects at least one object. [E:/github/pruebas_ipd432/nombre_seven_seg/Nexys-4-DDR-Master.xdc:13]
Resolution: If [get_<value>] was used to populate the object, check to make sure this command returns at least one valid object.
WARNING: [Vivado 12-584] No ports matched 'SW[1]'. [E:/github/pruebas_ipd432/nombre_seven_seg/Nexys-4-DDR-Master.xdc:14]
CRITICAL WARNING: [Common 17-55] 'set_property' expects at least one object. [E:/github/pruebas_ipd432/nombre_seven_seg/Nexys-4-DDR-Master.xdc:14]
Resolution: If [get_<value>] was used to populate the object, check to make sure this command returns at least one valid object.
WARNING: [Vivado 12-584] No ports matched 'SW[2]'. [E:/github/pruebas_ipd432/nombre_seven_seg/Nexys-4-DDR-Master.xdc:15]
CRITICAL WARNING: [Common 17-55] 'set_property' expects at least one object. [E:/github/pruebas_ipd432/nombre_seven_seg/Nexys-4-DDR-Master.xdc:15]
Resolution: If [get_<value>] was used to populate the object, check to make sure this command returns at least one valid object.
WARNING: [Vivado 12-584] No ports matched 'SW[3]'. [E:/github/pruebas_ipd432/nombre_seven_seg/Nexys-4-DDR-Master.xdc:16]
CRITICAL WARNING: [Common 17-55] 'set_property' expects at least one object. [E:/github/pruebas_ipd432/nombre_seven_seg/Nexys-4-DDR-Master.xdc:16]
Resolution: If [get_<value>] was used to populate the object, check to make sure this command returns at least one valid object.
WARNING: [Vivado 12-584] No ports matched 'SW[4]'. [E:/github/pruebas_ipd432/nombre_seven_seg/Nexys-4-DDR-Master.xdc:17]
CRITICAL WARNING: [Common 17-55] 'set_property' expects at least one object. [E:/github/pruebas_ipd432/nombre_seven_seg/Nexys-4-DDR-Master.xdc:17]
Resolution: If [get_<value>] was used to populate the object, check to make sure this command returns at least one valid object.
WARNING: [Vivado 12-584] No ports matched 'SW[5]'. [E:/github/pruebas_ipd432/nombre_seven_seg/Nexys-4-DDR-Master.xdc:18]
CRITICAL WARNING: [Common 17-55] 'set_property' expects at least one object. [E:/github/pruebas_ipd432/nombre_seven_seg/Nexys-4-DDR-Master.xdc:18]
Resolution: If [get_<value>] was used to populate the object, check to make sure this command returns at least one valid object.
WARNING: [Vivado 12-584] No ports matched 'SW[6]'. [E:/github/pruebas_ipd432/nombre_seven_seg/Nexys-4-DDR-Master.xdc:19]
CRITICAL WARNING: [Common 17-55] 'set_property' expects at least one object. [E:/github/pruebas_ipd432/nombre_seven_seg/Nexys-4-DDR-Master.xdc:19]
Resolution: If [get_<value>] was used to populate the object, check to make sure this command returns at least one valid object.
WARNING: [Vivado 12-584] No ports matched 'SW[7]'. [E:/github/pruebas_ipd432/nombre_seven_seg/Nexys-4-DDR-Master.xdc:20]
CRITICAL WARNING: [Common 17-55] 'set_property' expects at least one object. [E:/github/pruebas_ipd432/nombre_seven_seg/Nexys-4-DDR-Master.xdc:20]
Resolution: If [get_<value>] was used to populate the object, check to make sure this command returns at least one valid object.
WARNING: [Vivado 12-584] No ports matched 'SW[8]'. [E:/github/pruebas_ipd432/nombre_seven_seg/Nexys-4-DDR-Master.xdc:21]
CRITICAL WARNING: [Common 17-55] 'set_property' expects at least one object. [E:/github/pruebas_ipd432/nombre_seven_seg/Nexys-4-DDR-Master.xdc:21]
Resolution: If [get_<value>] was used to populate the object, check to make sure this command returns at least one valid object.
WARNING: [Vivado 12-584] No ports matched 'SW[9]'. [E:/github/pruebas_ipd432/nombre_seven_seg/Nexys-4-DDR-Master.xdc:22]
CRITICAL WARNING: [Common 17-55] 'set_property' expects at least one object. [E:/github/pruebas_ipd432/nombre_seven_seg/Nexys-4-DDR-Master.xdc:22]
Resolution: If [get_<value>] was used to populate the object, check to make sure this command returns at least one valid object.
WARNING: [Vivado 12-584] No ports matched 'SW[10]'. [E:/github/pruebas_ipd432/nombre_seven_seg/Nexys-4-DDR-Master.xdc:23]
CRITICAL WARNING: [Common 17-55] 'set_property' expects at least one object. [E:/github/pruebas_ipd432/nombre_seven_seg/Nexys-4-DDR-Master.xdc:23]
Resolution: If [get_<value>] was used to populate the object, check to make sure this command returns at least one valid object.
WARNING: [Vivado 12-584] No ports matched 'SW[11]'. [E:/github/pruebas_ipd432/nombre_seven_seg/Nexys-4-DDR-Master.xdc:24]
CRITICAL WARNING: [Common 17-55] 'set_property' expects at least one object. [E:/github/pruebas_ipd432/nombre_seven_seg/Nexys-4-DDR-Master.xdc:24]
Resolution: If [get_<value>] was used to populate the object, check to make sure this command returns at least one valid object.
WARNING: [Vivado 12-584] No ports matched 'SW[12]'. [E:/github/pruebas_ipd432/nombre_seven_seg/Nexys-4-DDR-Master.xdc:25]
CRITICAL WARNING: [Common 17-55] 'set_property' expects at least one object. [E:/github/pruebas_ipd432/nombre_seven_seg/Nexys-4-DDR-Master.xdc:25]
Resolution: If [get_<value>] was used to populate the object, check to make sure this command returns at least one valid object.
WARNING: [Vivado 12-584] No ports matched 'SW[13]'. [E:/github/pruebas_ipd432/nombre_seven_seg/Nexys-4-DDR-Master.xdc:26]
CRITICAL WARNING: [Common 17-55] 'set_property' expects at least one object. [E:/github/pruebas_ipd432/nombre_seven_seg/Nexys-4-DDR-Master.xdc:26]
Resolution: If [get_<value>] was used to populate the object, check to make sure this command returns at least one valid object.
WARNING: [Vivado 12-584] No ports matched 'SW[14]'. [E:/github/pruebas_ipd432/nombre_seven_seg/Nexys-4-DDR-Master.xdc:27]
CRITICAL WARNING: [Common 17-55] 'set_property' expects at least one object. [E:/github/pruebas_ipd432/nombre_seven_seg/Nexys-4-DDR-Master.xdc:27]
Resolution: If [get_<value>] was used to populate the object, check to make sure this command returns at least one valid object.
WARNING: [Vivado 12-584] No ports matched 'SW[15]'. [E:/github/pruebas_ipd432/nombre_seven_seg/Nexys-4-DDR-Master.xdc:28]
CRITICAL WARNING: [Common 17-55] 'set_property' expects at least one object. [E:/github/pruebas_ipd432/nombre_seven_seg/Nexys-4-DDR-Master.xdc:28]
Resolution: If [get_<value>] was used to populate the object, check to make sure this command returns at least one valid object.
WARNING: [Vivado 12-584] No ports matched 'LED[0]'. [E:/github/pruebas_ipd432/nombre_seven_seg/Nexys-4-DDR-Master.xdc:33]
CRITICAL WARNING: [Common 17-55] 'set_property' expects at least one object. [E:/github/pruebas_ipd432/nombre_seven_seg/Nexys-4-DDR-Master.xdc:33]
Resolution: If [get_<value>] was used to populate the object, check to make sure this command returns at least one valid object.
WARNING: [Vivado 12-584] No ports matched 'LED[1]'. [E:/github/pruebas_ipd432/nombre_seven_seg/Nexys-4-DDR-Master.xdc:34]
CRITICAL WARNING: [Common 17-55] 'set_property' expects at least one object. [E:/github/pruebas_ipd432/nombre_seven_seg/Nexys-4-DDR-Master.xdc:34]
Resolution: If [get_<value>] was used to populate the object, check to make sure this command returns at least one valid object.
WARNING: [Vivado 12-584] No ports matched 'LED[2]'. [E:/github/pruebas_ipd432/nombre_seven_seg/Nexys-4-DDR-Master.xdc:35]
CRITICAL WARNING: [Common 17-55] 'set_property' expects at least one object. [E:/github/pruebas_ipd432/nombre_seven_seg/Nexys-4-DDR-Master.xdc:35]
Resolution: If [get_<value>] was used to populate the object, check to make sure this command returns at least one valid object.
WARNING: [Vivado 12-584] No ports matched 'LED[3]'. [E:/github/pruebas_ipd432/nombre_seven_seg/Nexys-4-DDR-Master.xdc:36]
CRITICAL WARNING: [Common 17-55] 'set_property' expects at least one object. [E:/github/pruebas_ipd432/nombre_seven_seg/Nexys-4-DDR-Master.xdc:36]
Resolution: If [get_<value>] was used to populate the object, check to make sure this command returns at least one valid object.
WARNING: [Vivado 12-584] No ports matched 'LED[4]'. [E:/github/pruebas_ipd432/nombre_seven_seg/Nexys-4-DDR-Master.xdc:37]
CRITICAL WARNING: [Common 17-55] 'set_property' expects at least one object. [E:/github/pruebas_ipd432/nombre_seven_seg/Nexys-4-DDR-Master.xdc:37]
Resolution: If [get_<value>] was used to populate the object, check to make sure this command returns at least one valid object.
WARNING: [Vivado 12-584] No ports matched 'LED[5]'. [E:/github/pruebas_ipd432/nombre_seven_seg/Nexys-4-DDR-Master.xdc:38]
CRITICAL WARNING: [Common 17-55] 'set_property' expects at least one object. [E:/github/pruebas_ipd432/nombre_seven_seg/Nexys-4-DDR-Master.xdc:38]
Resolution: If [get_<value>] was used to populate the object, check to make sure this command returns at least one valid object.
WARNING: [Vivado 12-584] No ports matched 'LED[6]'. [E:/github/pruebas_ipd432/nombre_seven_seg/Nexys-4-DDR-Master.xdc:39]
CRITICAL WARNING: [Common 17-55] 'set_property' expects at least one object. [E:/github/pruebas_ipd432/nombre_seven_seg/Nexys-4-DDR-Master.xdc:39]
Resolution: If [get_<value>] was used to populate the object, check to make sure this command returns at least one valid object.
WARNING: [Vivado 12-584] No ports matched 'LED[7]'. [E:/github/pruebas_ipd432/nombre_seven_seg/Nexys-4-DDR-Master.xdc:40]
CRITICAL WARNING: [Common 17-55] 'set_property' expects at least one object. [E:/github/pruebas_ipd432/nombre_seven_seg/Nexys-4-DDR-Master.xdc:40]
Resolution: If [get_<value>] was used to populate the object, check to make sure this command returns at least one valid object.
WARNING: [Vivado 12-584] No ports matched 'LED[8]'. [E:/github/pruebas_ipd432/nombre_seven_seg/Nexys-4-DDR-Master.xdc:41]
CRITICAL WARNING: [Common 17-55] 'set_property' expects at least one object. [E:/github/pruebas_ipd432/nombre_seven_seg/Nexys-4-DDR-Master.xdc:41]
Resolution: If [get_<value>] was used to populate the object, check to make sure this command returns at least one valid object.
WARNING: [Vivado 12-584] No ports matched 'LED[9]'. [E:/github/pruebas_ipd432/nombre_seven_seg/Nexys-4-DDR-Master.xdc:42]
CRITICAL WARNING: [Common 17-55] 'set_property' expects at least one object. [E:/github/pruebas_ipd432/nombre_seven_seg/Nexys-4-DDR-Master.xdc:42]
Resolution: If [get_<value>] was used to populate the object, check to make sure this command returns at least one valid object.
WARNING: [Vivado 12-584] No ports matched 'LED[10]'. [E:/github/pruebas_ipd432/nombre_seven_seg/Nexys-4-DDR-Master.xdc:43]
CRITICAL WARNING: [Common 17-55] 'set_property' expects at least one object. [E:/github/pruebas_ipd432/nombre_seven_seg/Nexys-4-DDR-Master.xdc:43]
Resolution: If [get_<value>] was used to populate the object, check to make sure this command returns at least one valid object.
WARNING: [Vivado 12-584] No ports matched 'LED[11]'. [E:/github/pruebas_ipd432/nombre_seven_seg/Nexys-4-DDR-Master.xdc:44]
CRITICAL WARNING: [Common 17-55] 'set_property' expects at least one object. [E:/github/pruebas_ipd432/nombre_seven_seg/Nexys-4-DDR-Master.xdc:44]
Resolution: If [get_<value>] was used to populate the object, check to make sure this command returns at least one valid object.
WARNING: [Vivado 12-584] No ports matched 'LED[12]'. [E:/github/pruebas_ipd432/nombre_seven_seg/Nexys-4-DDR-Master.xdc:45]
CRITICAL WARNING: [Common 17-55] 'set_property' expects at least one object. [E:/github/pruebas_ipd432/nombre_seven_seg/Nexys-4-DDR-Master.xdc:45]
Resolution: If [get_<value>] was used to populate the object, check to make sure this command returns at least one valid object.
WARNING: [Vivado 12-584] No ports matched 'LED[13]'. [E:/github/pruebas_ipd432/nombre_seven_seg/Nexys-4-DDR-Master.xdc:46]
CRITICAL WARNING: [Common 17-55] 'set_property' expects at least one object. [E:/github/pruebas_ipd432/nombre_seven_seg/Nexys-4-DDR-Master.xdc:46]
Resolution: If [get_<value>] was used to populate the object, check to make sure this command returns at least one valid object.
WARNING: [Vivado 12-584] No ports matched 'LED[14]'. [E:/github/pruebas_ipd432/nombre_seven_seg/Nexys-4-DDR-Master.xdc:47]
CRITICAL WARNING: [Common 17-55] 'set_property' expects at least one object. [E:/github/pruebas_ipd432/nombre_seven_seg/Nexys-4-DDR-Master.xdc:47]
Resolution: If [get_<value>] was used to populate the object, check to make sure this command returns at least one valid object.
WARNING: [Vivado 12-584] No ports matched 'LED[15]'. [E:/github/pruebas_ipd432/nombre_seven_seg/Nexys-4-DDR-Master.xdc:48]
CRITICAL WARNING: [Common 17-55] 'set_property' expects at least one object. [E:/github/pruebas_ipd432/nombre_seven_seg/Nexys-4-DDR-Master.xdc:48]
Resolution: If [get_<value>] was used to populate the object, check to make sure this command returns at least one valid object.
WARNING: [Vivado 12-584] No ports matched 'DP'. [E:/github/pruebas_ipd432/nombre_seven_seg/Nexys-4-DDR-Master.xdc:68]
CRITICAL WARNING: [Common 17-55] 'set_property' expects at least one object. [E:/github/pruebas_ipd432/nombre_seven_seg/Nexys-4-DDR-Master.xdc:68]
Resolution: If [get_<value>] was used to populate the object, check to make sure this command returns at least one valid object.
WARNING: [Vivado 12-584] No ports matched 'BTN[0]'. [E:/github/pruebas_ipd432/nombre_seven_seg/Nexys-4-DDR-Master.xdc:84]
CRITICAL WARNING: [Common 17-55] 'set_property' expects at least one object. [E:/github/pruebas_ipd432/nombre_seven_seg/Nexys-4-DDR-Master.xdc:84]
Resolution: If [get_<value>] was used to populate the object, check to make sure this command returns at least one valid object.
WARNING: [Vivado 12-584] No ports matched 'BTN[1]'. [E:/github/pruebas_ipd432/nombre_seven_seg/Nexys-4-DDR-Master.xdc:85]
CRITICAL WARNING: [Common 17-55] 'set_property' expects at least one object. [E:/github/pruebas_ipd432/nombre_seven_seg/Nexys-4-DDR-Master.xdc:85]
Resolution: If [get_<value>] was used to populate the object, check to make sure this command returns at least one valid object.
WARNING: [Vivado 12-584] No ports matched 'BTN[2]'. [E:/github/pruebas_ipd432/nombre_seven_seg/Nexys-4-DDR-Master.xdc:86]
CRITICAL WARNING: [Common 17-55] 'set_property' expects at least one object. [E:/github/pruebas_ipd432/nombre_seven_seg/Nexys-4-DDR-Master.xdc:86]
Resolution: If [get_<value>] was used to populate the object, check to make sure this command returns at least one valid object.
WARNING: [Vivado 12-584] No ports matched 'BTN[3]'. [E:/github/pruebas_ipd432/nombre_seven_seg/Nexys-4-DDR-Master.xdc:87]
CRITICAL WARNING: [Common 17-55] 'set_property' expects at least one object. [E:/github/pruebas_ipd432/nombre_seven_seg/Nexys-4-DDR-Master.xdc:87]
Resolution: If [get_<value>] was used to populate the object, check to make sure this command returns at least one valid object.
WARNING: [Vivado 12-584] No ports matched 'BTN[4]'. [E:/github/pruebas_ipd432/nombre_seven_seg/Nexys-4-DDR-Master.xdc:88]
CRITICAL WARNING: [Common 17-55] 'set_property' expects at least one object. [E:/github/pruebas_ipd432/nombre_seven_seg/Nexys-4-DDR-Master.xdc:88]
Resolution: If [get_<value>] was used to populate the object, check to make sure this command returns at least one valid object.
Finished Parsing XDC File [E:/github/pruebas_ipd432/nombre_seven_seg/Nexys-4-DDR-Master.xdc]
INFO: [Opt 31-138] Pushed 0 inverter(s) to 0 load pin(s).
Netlist sorting complete. Time (s): cpu = 00:00:00 ; elapsed = 00:00:00 . Memory (MB): peak = 1039.059 ; gain = 0.000
INFO: [Project 1-111] Unisim Transformation Summary:
No Unisim elements were transformed.

8 Infos, 38 Warnings, 38 Critical Warnings and 0 Errors encountered.
link_design completed successfully
link_design: Time (s): cpu = 00:00:06 ; elapsed = 00:00:06 . Memory (MB): peak = 1043.035 ; gain = 557.961
Command: opt_design
Attempting to get a license for feature 'Implementation' and/or device 'xc7a100t'
INFO: [Common 17-349] Got license for feature 'Implementation' and/or device 'xc7a100t'
Running DRC as a precondition to command opt_design

Starting DRC Task
INFO: [DRC 23-27] Running DRC with 2 threads
INFO: [Project 1-461] DRC finished with 0 Errors
INFO: [Project 1-462] Please refer to the DRC report (report_drc) for more information.

Time (s): cpu = 00:00:01 ; elapsed = 00:00:01 . Memory (MB): peak = 1067.168 ; gain = 24.133

Starting Cache Timing Information Task
INFO: [Timing 38-35] Done setting XDC timing constraints.
Ending Cache Timing Information Task | Checksum: 26ba1f981

Time (s): cpu = 00:00:07 ; elapsed = 00:00:08 . Memory (MB): peak = 1602.051 ; gain = 534.883

Starting Logic Optimization Task

Phase 1 Initialization

Phase 1.1 Core Generation And Design Setup
Phase 1.1 Core Generation And Design Setup | Checksum: 26ba1f981

Time (s): cpu = 00:00:00 ; elapsed = 00:00:00.026 . Memory (MB): peak = 1975.414 ; gain = 0.000

Phase 1.2 Setup Constraints And Sort Netlist
Phase 1.2 Setup Constraints And Sort Netlist | Checksum: 26ba1f981

Time (s): cpu = 00:00:00 ; elapsed = 00:00:00.027 . Memory (MB): peak = 1975.414 ; gain = 0.000
Phase 1 Initialization | Checksum: 26ba1f981

Time (s): cpu = 00:00:00 ; elapsed = 00:00:00.028 . Memory (MB): peak = 1975.414 ; gain = 0.000

Phase 2 Timer Update And Timing Data Collection

Phase 2.1 Timer Update
Phase 2.1 Timer Update | Checksum: 26ba1f981

Time (s): cpu = 00:00:00 ; elapsed = 00:00:00.046 . Memory (MB): peak = 1975.414 ; gain = 0.000

Phase 2.2 Timing Data Collection
Phase 2.2 Timing Data Collection | Checksum: 26ba1f981

Time (s): cpu = 00:00:00 ; elapsed = 00:00:00.090 . Memory (MB): peak = 1975.414 ; gain = 0.000
Phase 2 Timer Update And Timing Data Collection | Checksum: 26ba1f981

Time (s): cpu = 00:00:00 ; elapsed = 00:00:00.091 . Memory (MB): peak = 1975.414 ; gain = 0.000

Phase 3 Retarget
INFO: [Opt 31-1834] Total Chains To Be Transformed Were: 0 AND Number of Transformed insts Created are: 0
INFO: [Opt 31-138] Pushed 0 inverter(s) to 0 load pin(s).
INFO: [Opt 31-49] Retargeted 0 cell(s).
Phase 3 Retarget | Checksum: 26ba1f981

Time (s): cpu = 00:00:00 ; elapsed = 00:00:00.144 . Memory (MB): peak = 1975.414 ; gain = 0.000
Retarget | Checksum: 26ba1f981
INFO: [Opt 31-389] Phase Retarget created 0 cells and removed 0 cells

Phase 4 Constant propagation
INFO: [Opt 31-138] Pushed 0 inverter(s) to 0 load pin(s).
Phase 4 Constant propagation | Checksum: 26ba1f981

Time (s): cpu = 00:00:00 ; elapsed = 00:00:00.146 . Memory (MB): peak = 1975.414 ; gain = 0.000
Constant propagation | Checksum: 26ba1f981
INFO: [Opt 31-389] Phase Constant propagation created 0 cells and removed 0 cells

Phase 5 Sweep
Phase 5 Sweep | Checksum: 2c9f7ee6f

Time (s): cpu = 00:00:00 ; elapsed = 00:00:00.194 . Memory (MB): peak = 1975.414 ; gain = 0.000
Sweep | Checksum: 2c9f7ee6f
INFO: [Opt 31-389] Phase Sweep created 0 cells and removed 0 cells

Phase 6 BUFG optimization
Phase 6 BUFG optimization | Checksum: 2c9f7ee6f

Time (s): cpu = 00:00:00 ; elapsed = 00:00:00.246 . Memory (MB): peak = 1975.414 ; gain = 0.000
BUFG optimization | Checksum: 2c9f7ee6f
INFO: [Opt 31-662] Phase BUFG optimization created 0 cells of which 0 are BUFGs and removed 0 cells.

Phase 7 Shift Register Optimization
INFO: [Opt 31-1064] SRL Remap converted 0 SRLs to 0 registers and converted 0 registers of register chains to 0 SRLs
Phase 7 Shift Register Optimization | Checksum: 2c9f7ee6f

Time (s): cpu = 00:00:00 ; elapsed = 00:00:00.248 . Memory (MB): peak = 1975.414 ; gain = 0.000
Shift Register Optimization | Checksum: 2c9f7ee6f
INFO: [Opt 31-389] Phase Shift Register Optimization created 0 cells and removed 0 cells

Phase 8 Post Processing Netlist
Phase 8 Post Processing Netlist | Checksum: 2c9f7ee6f

Time (s): cpu = 00:00:00 ; elapsed = 00:00:00.250 . Memory (MB): peak = 1975.414 ; gain = 0.000
Post Processing Netlist | Checksum: 2c9f7ee6f
INFO: [Opt 31-389] Phase Post Processing Netlist created 0 cells and removed 0 cells

Phase 9 Finalization

Phase 9.1 Finalizing Design Cores and Updating Shapes
Phase 9.1 Finalizing Design Cores and Updating Shapes | Checksum: 28f361e7c

Time (s): cpu = 00:00:00 ; elapsed = 00:00:00.253 . Memory (MB): peak = 1975.414 ; gain = 0.000

Phase 9.2 Verifying Netlist Connectivity

Starting Connectivity Check Task

Time (s): cpu = 00:00:00 ; elapsed = 00:00:00.001 . Memory (MB): peak = 1975.414 ; gain = 0.000
Phase 9.2 Verifying Netlist Connectivity | Checksum: 28f361e7c

Time (s): cpu = 00:00:00 ; elapsed = 00:00:00.254 . Memory (MB): peak = 1975.414 ; gain = 0.000
Phase 9 Finalization | Checksum: 28f361e7c

Time (s): cpu = 00:00:00 ; elapsed = 00:00:00.255 . Memory (MB): peak = 1975.414 ; gain = 0.000
Opt_design Change Summary
=========================


-------------------------------------------------------------------------------------------------------------------------
|  Phase                        |  #Cells created  |  #Cells Removed  |  #Constrained objects preventing optimizations  |
-------------------------------------------------------------------------------------------------------------------------
|  Retarget                     |               0  |               0  |                                              0  |
|  Constant propagation         |               0  |               0  |                                              0  |
|  Sweep                        |               0  |               0  |                                              0  |
|  BUFG optimization            |               0  |               0  |                                              0  |
|  Shift Register Optimization  |               0  |               0  |                                              0  |
|  Post Processing Netlist      |               0  |               0  |                                              0  |
-------------------------------------------------------------------------------------------------------------------------


Ending Logic Optimization Task | Checksum: 28f361e7c

Time (s): cpu = 00:00:00 ; elapsed = 00:00:00.256 . Memory (MB): peak = 1975.414 ; gain = 0.000

Starting Power Optimization Task
INFO: [Pwropt 34-132] Skipping clock gating for clocks with a period < 2.00 ns.
Ending Power Optimization Task | Checksum: 28f361e7c

Time (s): cpu = 00:00:00 ; elapsed = 00:00:00.068 . Memory (MB): peak = 1975.414 ; gain = 0.000

Starting Final Cleanup Task
Ending Final Cleanup Task | Checksum: 28f361e7c

Time (s): cpu = 00:00:00 ; elapsed = 00:00:00.001 . Memory (MB): peak = 1975.414 ; gain = 0.000

Starting Netlist Obfuscation Task
Netlist sorting complete. Time (s): cpu = 00:00:00 ; elapsed = 00:00:00 . Memory (MB): peak = 1975.414 ; gain = 0.000
Ending Netlist Obfuscation Task | Checksum: 28f361e7c

Time (s): cpu = 00:00:00 ; elapsed = 00:00:00 . Memory (MB): peak = 1975.414 ; gain = 0.000
INFO: [Common 17-83] Releasing license: Implementation
26 Infos, 38 Warnings, 38 Critical Warnings and 0 Errors encountered.
opt_design completed successfully
opt_design: Time (s): cpu = 00:00:12 ; elapsed = 00:00:13 . Memory (MB): peak = 1975.414 ; gain = 932.379
INFO: [Vivado 12-24828] Executing command : report_drc -file main_drc_opted.rpt -pb main_drc_opted.pb -rpx main_drc_opted.rpx
Command: report_drc -file main_drc_opted.rpt -pb main_drc_opted.pb -rpx main_drc_opted.rpx
INFO: [IP_Flow 19-234] Refreshing IP repositories
INFO: [IP_Flow 19-1704] No user IP repositories specified
INFO: [IP_Flow 19-2313] Loaded Vivado IP repository 'D:/Xilinx/Vivado/2024.1/data/ip'.
INFO: [DRC 23-27] Running DRC with 2 threads
INFO: [Vivado_Tcl 2-168] The results of DRC are in file E:/github/pruebas_ipd432/nombre_seven_seg/nombre_seven_seg.runs/impl_1/main_drc_opted.rpt.
report_drc completed successfully
INFO: [Timing 38-480] Writing timing data to binary archive.
Write ShapeDB Complete: Time (s): cpu = 00:00:00 ; elapsed = 00:00:00.001 . Memory (MB): peak = 1975.414 ; gain = 0.000
Wrote PlaceDB: Time (s): cpu = 00:00:00 ; elapsed = 00:00:00.002 . Memory (MB): peak = 1975.414 ; gain = 0.000
Wrote PulsedLatchDB: Time (s): cpu = 00:00:00 ; elapsed = 00:00:00 . Memory (MB): peak = 1975.414 ; gain = 0.000
Writing XDEF routing.
Writing XDEF routing logical nets.
Writing XDEF routing special nets.
Wrote RouteStorage: Time (s): cpu = 00:00:00 ; elapsed = 00:00:00.052 . Memory (MB): peak = 1975.414 ; gain = 0.000
Wrote Netlist Cache: Time (s): cpu = 00:00:00 ; elapsed = 00:00:00 . Memory (MB): peak = 1975.414 ; gain = 0.000
Wrote Device Cache: Time (s): cpu = 00:00:00 ; elapsed = 00:00:00.006 . Memory (MB): peak = 1975.414 ; gain = 0.000
Write Physdb Complete: Time (s): cpu = 00:00:00 ; elapsed = 00:00:00.065 . Memory (MB): peak = 1975.414 ; gain = 0.000
INFO: [Common 17-1381] The checkpoint 'E:/github/pruebas_ipd432/nombre_seven_seg/nombre_seven_seg.runs/impl_1/main_opt.dcp' has been generated.
Command: place_design
Attempting to get a license for feature 'Implementation' and/or device 'xc7a100t'
INFO: [Common 17-349] Got license for feature 'Implementation' and/or device 'xc7a100t'
INFO: [Common 17-83] Releasing license: Implementation
INFO: [DRC 23-27] Running DRC with 2 threads
INFO: [Vivado_Tcl 4-198] DRC finished with 0 Errors
INFO: [Vivado_Tcl 4-199] Please refer to the DRC report (report_drc) for more information.
Running DRC as a precondition to command place_design
INFO: [DRC 23-27] Running DRC with 2 threads
INFO: [Vivado_Tcl 4-198] DRC finished with 0 Errors
INFO: [Vivado_Tcl 4-199] Please refer to the DRC report (report_drc) for more information.
INFO: [Place 30-611] Multithreading enabled for place_design using a maximum of 2 CPUs

Starting Placer Task

Phase 1 Placer Initialization

Phase 1.1 Placer Initialization Netlist Sorting
Netlist sorting complete. Time (s): cpu = 00:00:00 ; elapsed = 00:00:00 . Memory (MB): peak = 1975.414 ; gain = 0.000
Phase 1.1 Placer Initialization Netlist Sorting | Checksum: 21f803b42

Time (s): cpu = 00:00:00 ; elapsed = 00:00:00.076 . Memory (MB): peak = 1975.414 ; gain = 0.000
Netlist sorting complete. Time (s): cpu = 00:00:00 ; elapsed = 00:00:00 . Memory (MB): peak = 1975.414 ; gain = 0.000

Phase 1.2 IO Placement/ Clock Placement/ Build Placer Device
INFO: [Timing 38-35] Done setting XDC timing constraints.
Phase 1.2 IO Placement/ Clock Placement/ Build Placer Device | Checksum: fc5cd991

Time (s): cpu = 00:00:00 ; elapsed = 00:00:00.589 . Memory (MB): peak = 1975.414 ; gain = 0.000

Phase 1.3 Build Placer Netlist Model
Phase 1.3 Build Placer Netlist Model | Checksum: 166430f82

Time (s): cpu = 00:00:00 ; elapsed = 00:00:00.891 . Memory (MB): peak = 1975.414 ; gain = 0.000

Phase 1.4 Constrain Clocks/Macros
Phase 1.4 Constrain Clocks/Macros | Checksum: 166430f82

Time (s): cpu = 00:00:00 ; elapsed = 00:00:00.897 . Memory (MB): peak = 1975.414 ; gain = 0.000
Phase 1 Placer Initialization | Checksum: 166430f82

Time (s): cpu = 00:00:00 ; elapsed = 00:00:00.948 . Memory (MB): peak = 1975.414 ; gain = 0.000

Phase 2 Global Placement

Phase 2.1 Floorplanning
Phase 2.1 Floorplanning | Checksum: 1bfd16731

Time (s): cpu = 00:00:00 ; elapsed = 00:00:01 . Memory (MB): peak = 1975.414 ; gain = 0.000

Phase 2.2 Update Timing before SLR Path Opt
Phase 2.2 Update Timing before SLR Path Opt | Checksum: 19b2db606

Time (s): cpu = 00:00:01 ; elapsed = 00:00:01 . Memory (MB): peak = 1975.414 ; gain = 0.000

Phase 2.3 Post-Processing in Floorplanning
Phase 2.3 Post-Processing in Floorplanning | Checksum: 19b2db606

Time (s): cpu = 00:00:01 ; elapsed = 00:00:01 . Memory (MB): peak = 1975.414 ; gain = 0.000

Phase 2.4 Global Placement Core

Phase 2.4.1 UpdateTiming Before Physical Synthesis
Phase 2.4.1 UpdateTiming Before Physical Synthesis | Checksum: 12d391ff1

Time (s): cpu = 00:00:01 ; elapsed = 00:00:02 . Memory (MB): peak = 1975.414 ; gain = 0.000

Phase 2.4.2 Physical Synthesis In Placer
INFO: [Physopt 32-1044] Break lutnm for timing: one critical 0, two critical 0, total 0, new lutff created 0
INFO: [Physopt 32-1138] End 1 Pass. Optimized 0 net or LUT. Breaked 0 LUT, combined 0 existing LUT and moved 0 existing LUT
INFO: [Physopt 32-65] No nets found for high-fanout optimization.
INFO: [Physopt 32-232] Optimized 0 net. Created 0 new instance.
INFO: [Physopt 32-775] End 1 Pass. Optimized 0 net or cell. Created 0 new cell, deleted 0 existing cell and moved 0 existing cell
INFO: [Physopt 32-670] No setup violation found.  DSP Register Optimization was not performed.
INFO: [Physopt 32-670] No setup violation found.  Shift Register to Pipeline Optimization was not performed.
INFO: [Physopt 32-670] No setup violation found.  Shift Register Optimization was not performed.
INFO: [Physopt 32-670] No setup violation found.  BRAM Register Optimization was not performed.
INFO: [Physopt 32-670] No setup violation found.  URAM Register Optimization was not performed.
INFO: [Physopt 32-949] No candidate nets found for dynamic/static region interface net replication
INFO: [Physopt 32-775] End 1 Pass. Optimized 0 net or cell. Created 0 new cell, deleted 0 existing cell and moved 0 existing cell
Netlist sorting complete. Time (s): cpu = 00:00:00 ; elapsed = 00:00:00 . Memory (MB): peak = 1975.414 ; gain = 0.000

Summary of Physical Synthesis Optimizations
============================================


-----------------------------------------------------------------------------------------------------------------------------------------------------------
|  Optimization                                     |  Added Cells  |  Removed Cells  |  Optimized Cells/Nets  |  Dont Touch  |  Iterations  |  Elapsed   |
-----------------------------------------------------------------------------------------------------------------------------------------------------------
|  LUT Combining                                    |            0  |              0  |                     0  |           0  |           1  |  00:00:00  |
|  Retime                                           |            0  |              0  |                     0  |           0  |           1  |  00:00:00  |
|  Very High Fanout                                 |            0  |              0  |                     0  |           0  |           1  |  00:00:00  |
|  DSP Register                                     |            0  |              0  |                     0  |           0  |           0  |  00:00:00  |
|  Shift Register to Pipeline                       |            0  |              0  |                     0  |           0  |           0  |  00:00:00  |
|  Shift Register                                   |            0  |              0  |                     0  |           0  |           0  |  00:00:00  |
|  BRAM Register                                    |            0  |              0  |                     0  |           0  |           0  |  00:00:00  |
|  URAM Register                                    |            0  |              0  |                     0  |           0  |           0  |  00:00:00  |
|  Dynamic/Static Region Interface Net Replication  |            0  |              0  |                     0  |           0  |           1  |  00:00:00  |
|  Total                                            |            0  |              0  |                     0  |           0  |           4  |  00:00:00  |
-----------------------------------------------------------------------------------------------------------------------------------------------------------


Phase 2.4.2 Physical Synthesis In Placer | Checksum: 12d391ff1

Time (s): cpu = 00:00:01 ; elapsed = 00:00:02 . Memory (MB): peak = 1975.414 ; gain = 0.000
Phase 2.4 Global Placement Core | Checksum: fd12cbc6

Time (s): cpu = 00:00:01 ; elapsed = 00:00:02 . Memory (MB): peak = 1975.414 ; gain = 0.000
Phase 2 Global Placement | Checksum: fd12cbc6

Time (s): cpu = 00:00:01 ; elapsed = 00:00:02 . Memory (MB): peak = 1975.414 ; gain = 0.000

Phase 3 Detail Placement

Phase 3.1 Commit Multi Column Macros
Phase 3.1 Commit Multi Column Macros | Checksum: 12b6cf274

Time (s): cpu = 00:00:02 ; elapsed = 00:00:02 . Memory (MB): peak = 1975.414 ; gain = 0.000

Phase 3.2 Commit Most Macros & LUTRAMs
Phase 3.2 Commit Most Macros & LUTRAMs | Checksum: 1ef27aa66

Time (s): cpu = 00:00:02 ; elapsed = 00:00:02 . Memory (MB): peak = 1975.414 ; gain = 0.000

Phase 3.3 Area Swap Optimization
Phase 3.3 Area Swap Optimization | Checksum: 13a6e42c3

Time (s): cpu = 00:00:02 ; elapsed = 00:00:02 . Memory (MB): peak = 1975.414 ; gain = 0.000

Phase 3.4 Pipeline Register Optimization
Phase 3.4 Pipeline Register Optimization | Checksum: 1b54e797d

Time (s): cpu = 00:00:02 ; elapsed = 00:00:02 . Memory (MB): peak = 1975.414 ; gain = 0.000

Phase 3.5 Small Shape Detail Placement
Phase 3.5 Small Shape Detail Placement | Checksum: 1632c79c1

Time (s): cpu = 00:00:02 ; elapsed = 00:00:02 . Memory (MB): peak = 1975.414 ; gain = 0.000

Phase 3.6 Re-assign LUT pins
Phase 3.6 Re-assign LUT pins | Checksum: 161596515

Time (s): cpu = 00:00:02 ; elapsed = 00:00:02 . Memory (MB): peak = 1975.414 ; gain = 0.000

Phase 3.7 Pipeline Register Optimization
Phase 3.7 Pipeline Register Optimization | Checksum: ec793e8b

Time (s): cpu = 00:00:02 ; elapsed = 00:00:02 . Memory (MB): peak = 1975.414 ; gain = 0.000
Phase 3 Detail Placement | Checksum: ec793e8b

Time (s): cpu = 00:00:02 ; elapsed = 00:00:02 . Memory (MB): peak = 1975.414 ; gain = 0.000

Phase 4 Post Placement Optimization and Clean-Up

Phase 4.1 Post Commit Optimization
INFO: [Timing 38-35] Done setting XDC timing constraints.

Phase 4.1.1 Post Placement Optimization
Post Placement Optimization Initialization | Checksum: 23b7323f1

Phase 4.1.1.1 BUFG Insertion

Starting Physical Synthesis Task

Phase 1 Physical Synthesis Initialization
INFO: [Physopt 32-721] Multithreading enabled for phys_opt_design using a maximum of 2 CPUs
INFO: [Physopt 32-619] Estimated Timing Summary | WNS=7.122 | TNS=0.000 |
Phase 1 Physical Synthesis Initialization | Checksum: 1f30bf03b

Time (s): cpu = 00:00:00 ; elapsed = 00:00:00.028 . Memory (MB): peak = 1975.414 ; gain = 0.000
INFO: [Place 46-56] BUFG insertion identified 0 candidate nets. Inserted BUFG: 0, Replicated BUFG Driver: 0, Skipped due to Placement/Routing Conflicts: 0, Skipped due to Timing Degradation: 0, Skipped due to netlist editing failed: 0.
Ending Physical Synthesis Task | Checksum: 223e43537

Time (s): cpu = 00:00:00 ; elapsed = 00:00:00.043 . Memory (MB): peak = 1975.414 ; gain = 0.000
Phase 4.1.1.1 BUFG Insertion | Checksum: 23b7323f1

Time (s): cpu = 00:00:02 ; elapsed = 00:00:03 . Memory (MB): peak = 1975.414 ; gain = 0.000

Phase 4.1.1.2 Post Placement Timing Optimization
INFO: [Place 30-746] Post Placement Timing Summary WNS=7.122. For the most accurate timing information please run report_timing.
Phase 4.1.1.2 Post Placement Timing Optimization | Checksum: 297053e98

Time (s): cpu = 00:00:02 ; elapsed = 00:00:03 . Memory (MB): peak = 1975.414 ; gain = 0.000

Time (s): cpu = 00:00:02 ; elapsed = 00:00:03 . Memory (MB): peak = 1975.414 ; gain = 0.000
Phase 4.1 Post Commit Optimization | Checksum: 297053e98

Time (s): cpu = 00:00:02 ; elapsed = 00:00:03 . Memory (MB): peak = 1975.414 ; gain = 0.000

Phase 4.2 Post Placement Cleanup
Phase 4.2 Post Placement Cleanup | Checksum: 297053e98

Time (s): cpu = 00:00:02 ; elapsed = 00:00:03 . Memory (MB): peak = 1975.414 ; gain = 0.000

Phase 4.3 Placer Reporting

Phase 4.3.1 Print Estimated Congestion
INFO: [Place 30-612] Post-Placement Estimated Congestion 
 ____________________________________________________
|           | Global Congestion | Short Congestion  |
| Direction | Region Size       | Region Size       |
|___________|___________________|___________________|
|      North|                1x1|                1x1|
|___________|___________________|___________________|
|      South|                1x1|                1x1|
|___________|___________________|___________________|
|       East|                1x1|                1x1|
|___________|___________________|___________________|
|       West|                1x1|                1x1|
|___________|___________________|___________________|

Phase 4.3.1 Print Estimated Congestion | Checksum: 297053e98

Time (s): cpu = 00:00:02 ; elapsed = 00:00:03 . Memory (MB): peak = 1975.414 ; gain = 0.000
Phase 4.3 Placer Reporting | Checksum: 297053e98

Time (s): cpu = 00:00:02 ; elapsed = 00:00:03 . Memory (MB): peak = 1975.414 ; gain = 0.000

Phase 4.4 Final Placement Cleanup
Netlist sorting complete. Time (s): cpu = 00:00:00 ; elapsed = 00:00:00 . Memory (MB): peak = 1975.414 ; gain = 0.000

Time (s): cpu = 00:00:02 ; elapsed = 00:00:03 . Memory (MB): peak = 1975.414 ; gain = 0.000
Phase 4 Post Placement Optimization and Clean-Up | Checksum: 1ba21a763

Time (s): cpu = 00:00:02 ; elapsed = 00:00:03 . Memory (MB): peak = 1975.414 ; gain = 0.000
Ending Placer Task | Checksum: d74abac8

Time (s): cpu = 00:00:02 ; elapsed = 00:00:03 . Memory (MB): peak = 1975.414 ; gain = 0.000
62 Infos, 38 Warnings, 38 Critical Warnings and 0 Errors encountered.
place_design completed successfully
INFO: [Vivado 12-24838] Running report commands "report_control_sets, report_io, report_utilization" in parallel.
Running report generation with 2 threads.
INFO: [Vivado 12-24828] Executing command : report_utilization -file main_utilization_placed.rpt -pb main_utilization_placed.pb
INFO: [Vivado 12-24828] Executing command : report_control_sets -verbose -file main_control_sets_placed.rpt
report_control_sets: Time (s): cpu = 00:00:00 ; elapsed = 00:00:00.001 . Memory (MB): peak = 1975.414 ; gain = 0.000
INFO: [Vivado 12-24828] Executing command : report_io -file main_io_placed.rpt
report_io: Time (s): cpu = 00:00:00 ; elapsed = 00:00:00.048 . Memory (MB): peak = 1975.414 ; gain = 0.000
Write ShapeDB Complete: Time (s): cpu = 00:00:00 ; elapsed = 00:00:00.001 . Memory (MB): peak = 1975.414 ; gain = 0.000
INFO: [Timing 38-480] Writing timing data to binary archive.
Wrote PlaceDB: Time (s): cpu = 00:00:00 ; elapsed = 00:00:00.006 . Memory (MB): peak = 1975.414 ; gain = 0.000
Wrote PulsedLatchDB: Time (s): cpu = 00:00:00 ; elapsed = 00:00:00 . Memory (MB): peak = 1975.414 ; gain = 0.000
Writing XDEF routing.
Writing XDEF routing logical nets.
Writing XDEF routing special nets.
Wrote RouteStorage: Time (s): cpu = 00:00:00 ; elapsed = 00:00:00.018 . Memory (MB): peak = 1975.414 ; gain = 0.000
Wrote Netlist Cache: Time (s): cpu = 00:00:00 ; elapsed = 00:00:00.001 . Memory (MB): peak = 1975.414 ; gain = 0.000
Wrote Device Cache: Time (s): cpu = 00:00:00 ; elapsed = 00:00:00.006 . Memory (MB): peak = 1975.414 ; gain = 0.000
Write Physdb Complete: Time (s): cpu = 00:00:00 ; elapsed = 00:00:00.036 . Memory (MB): peak = 1975.414 ; gain = 0.000
INFO: [Common 17-1381] The checkpoint 'E:/github/pruebas_ipd432/nombre_seven_seg/nombre_seven_seg.runs/impl_1/main_placed.dcp' has been generated.
Command: phys_opt_design
Attempting to get a license for feature 'Implementation' and/or device 'xc7a100t'
INFO: [Common 17-349] Got license for feature 'Implementation' and/or device 'xc7a100t'

Starting Initial Update Timing Task

Time (s): cpu = 00:00:00 ; elapsed = 00:00:00.017 . Memory (MB): peak = 1981.641 ; gain = 6.227
INFO: [Vivado_Tcl 4-2279] Estimated Timing Summary | WNS= 7.122 | TNS= 0.000 | 
INFO: [Vivado_Tcl 4-383] Design worst setup slack (WNS) is greater than or equal to 0.000 ns. All physical synthesis setup optimizations will be skipped.
INFO: [Vivado_Tcl 4-232] No setup violation found. The netlist was not modified.
INFO: [Common 17-83] Releasing license: Implementation
73 Infos, 38 Warnings, 38 Critical Warnings and 0 Errors encountered.
phys_opt_design completed successfully
Write ShapeDB Complete: Time (s): cpu = 00:00:00 ; elapsed = 00:00:00.001 . Memory (MB): peak = 1999.523 ; gain = 0.000
INFO: [Timing 38-480] Writing timing data to binary archive.
Wrote PlaceDB: Time (s): cpu = 00:00:00 ; elapsed = 00:00:00.006 . Memory (MB): peak = 1999.523 ; gain = 0.000
Wrote PulsedLatchDB: Time (s): cpu = 00:00:00 ; elapsed = 00:00:00 . Memory (MB): peak = 1999.523 ; gain = 0.000
Writing XDEF routing.
Writing XDEF routing logical nets.
Writing XDEF routing special nets.
Wrote RouteStorage: Time (s): cpu = 00:00:00 ; elapsed = 00:00:00.018 . Memory (MB): peak = 1999.523 ; gain = 0.000
Wrote Netlist Cache: Time (s): cpu = 00:00:00 ; elapsed = 00:00:00 . Memory (MB): peak = 1999.523 ; gain = 0.000
Wrote Device Cache: Time (s): cpu = 00:00:00 ; elapsed = 00:00:00.006 . Memory (MB): peak = 1999.523 ; gain = 0.000
Write Physdb Complete: Time (s): cpu = 00:00:00 ; elapsed = 00:00:00.036 . Memory (MB): peak = 1999.523 ; gain = 0.000
INFO: [Common 17-1381] The checkpoint 'E:/github/pruebas_ipd432/nombre_seven_seg/nombre_seven_seg.runs/impl_1/main_physopt.dcp' has been generated.
Command: route_design
Attempting to get a license for feature 'Implementation' and/or device 'xc7a100t'
INFO: [Common 17-349] Got license for feature 'Implementation' and/or device 'xc7a100t'
Running DRC as a precondition to command route_design
INFO: [DRC 23-27] Running DRC with 2 threads
INFO: [Vivado_Tcl 4-198] DRC finished with 0 Errors
INFO: [Vivado_Tcl 4-199] Please refer to the DRC report (report_drc) for more information.


Starting Routing Task
INFO: [Route 35-254] Multithreading enabled for route_design using a maximum of 8 CPUs

Phase 1 Build RT Design
Checksum: PlaceDB: 64ab75a ConstDB: 0 ShapeSum: 1f2da3d8 RouteDB: b1d25f96
Post Restoration Checksum: NetGraph: 53ae0b5c | NumContArr: d0fd6d2a | Constraints: c2a8fa9d | Timing: c2a8fa9d
Phase 1 Build RT Design | Checksum: 2a9fd6dc0

Time (s): cpu = 00:00:34 ; elapsed = 00:00:31 . Memory (MB): peak = 2133.641 ; gain = 122.684

Phase 2 Router Initialization

Phase 2.1 Fix Topology Constraints
Phase 2.1 Fix Topology Constraints | Checksum: 2a9fd6dc0

Time (s): cpu = 00:00:34 ; elapsed = 00:00:31 . Memory (MB): peak = 2133.641 ; gain = 122.684

Phase 2.2 Pre Route Cleanup
Phase 2.2 Pre Route Cleanup | Checksum: 2a9fd6dc0

Time (s): cpu = 00:00:34 ; elapsed = 00:00:31 . Memory (MB): peak = 2133.641 ; gain = 122.684
 Number of Nodes with overlaps = 0

Phase 2.3 Update Timing
Phase 2.3 Update Timing | Checksum: 2a5f19070

Time (s): cpu = 00:00:35 ; elapsed = 00:00:31 . Memory (MB): peak = 2208.719 ; gain = 197.762
INFO: [Route 35-416] Intermediate Timing Summary | WNS=7.037  | TNS=0.000  | WHS=-0.075 | THS=-0.675 |


Router Utilization Summary
  Global Vertical Routing Utilization    = 4.35218e-05 %
  Global Horizontal Routing Utilization  = 0 %
  Routable Net Status*
  *Does not include unroutable nets such as driverless and loadless.
  Run report_route_status for detailed report.
  Number of Failed Nets               = 51
    (Failed Nets is the sum of unrouted and partially routed nets)
  Number of Unrouted Nets             = 50
  Number of Partially Routed Nets     = 1
  Number of Node Overlaps             = 0

Phase 2 Router Initialization | Checksum: 2d2ec41c2

Time (s): cpu = 00:00:35 ; elapsed = 00:00:31 . Memory (MB): peak = 2213.547 ; gain = 202.590

Phase 3 Global Routing
Phase 3 Global Routing | Checksum: 2d2ec41c2

Time (s): cpu = 00:00:35 ; elapsed = 00:00:31 . Memory (MB): peak = 2213.547 ; gain = 202.590

Phase 4 Initial Routing

Phase 4.1 Initial Net Routing Pass
Phase 4.1 Initial Net Routing Pass | Checksum: 22dcf0f02

Time (s): cpu = 00:00:35 ; elapsed = 00:00:31 . Memory (MB): peak = 2213.547 ; gain = 202.590
Phase 4 Initial Routing | Checksum: 22dcf0f02

Time (s): cpu = 00:00:35 ; elapsed = 00:00:31 . Memory (MB): peak = 2213.547 ; gain = 202.590

Phase 5 Rip-up And Reroute

Phase 5.1 Global Iteration 0
 Number of Nodes with overlaps = 0
INFO: [Route 35-416] Intermediate Timing Summary | WNS=6.424  | TNS=0.000  | WHS=N/A    | THS=N/A    |

Phase 5.1 Global Iteration 0 | Checksum: 21a65716f

Time (s): cpu = 00:00:35 ; elapsed = 00:00:32 . Memory (MB): peak = 2213.547 ; gain = 202.590
Phase 5 Rip-up And Reroute | Checksum: 21a65716f

Time (s): cpu = 00:00:35 ; elapsed = 00:00:32 . Memory (MB): peak = 2213.547 ; gain = 202.590

Phase 6 Delay and Skew Optimization

Phase 6.1 Delay CleanUp
Phase 6.1 Delay CleanUp | Checksum: 21a65716f

Time (s): cpu = 00:00:35 ; elapsed = 00:00:32 . Memory (MB): peak = 2213.547 ; gain = 202.590

Phase 6.2 Clock Skew Optimization
Phase 6.2 Clock Skew Optimization | Checksum: 21a65716f

Time (s): cpu = 00:00:35 ; elapsed = 00:00:32 . Memory (MB): peak = 2213.547 ; gain = 202.590
Phase 6 Delay and Skew Optimization | Checksum: 21a65716f

Time (s): cpu = 00:00:35 ; elapsed = 00:00:32 . Memory (MB): peak = 2213.547 ; gain = 202.590

Phase 7 Post Hold Fix

Phase 7.1 Hold Fix Iter
INFO: [Route 35-416] Intermediate Timing Summary | WNS=6.519  | TNS=0.000  | WHS=0.232  | THS=0.000  |

Phase 7.1 Hold Fix Iter | Checksum: 2561a2d9e

Time (s): cpu = 00:00:35 ; elapsed = 00:00:32 . Memory (MB): peak = 2213.547 ; gain = 202.590
Phase 7 Post Hold Fix | Checksum: 2561a2d9e

Time (s): cpu = 00:00:35 ; elapsed = 00:00:32 . Memory (MB): peak = 2213.547 ; gain = 202.590

Phase 8 Route finalize

Router Utilization Summary
  Global Vertical Routing Utilization    = 0.0185838 %
  Global Horizontal Routing Utilization  = 0.00852515 %
  Routable Net Status*
  *Does not include unroutable nets such as driverless and loadless.
  Run report_route_status for detailed report.
  Number of Failed Nets               = 0
    (Failed Nets is the sum of unrouted and partially routed nets)
  Number of Unrouted Nets             = 0
  Number of Partially Routed Nets     = 0
  Number of Node Overlaps             = 0

Phase 8 Route finalize | Checksum: 2561a2d9e

Time (s): cpu = 00:00:35 ; elapsed = 00:00:32 . Memory (MB): peak = 2213.547 ; gain = 202.590

Phase 9 Verifying routed nets

 Verification completed successfully
Phase 9 Verifying routed nets | Checksum: 2561a2d9e

Time (s): cpu = 00:00:35 ; elapsed = 00:00:32 . Memory (MB): peak = 2213.547 ; gain = 202.590

Phase 10 Depositing Routes
Phase 10 Depositing Routes | Checksum: 23afd825f

Time (s): cpu = 00:00:35 ; elapsed = 00:00:32 . Memory (MB): peak = 2213.547 ; gain = 202.590

Phase 11 Post Process Routing
Phase 11 Post Process Routing | Checksum: 23afd825f

Time (s): cpu = 00:00:35 ; elapsed = 00:00:32 . Memory (MB): peak = 2213.547 ; gain = 202.590

Phase 12 Post Router Timing
INFO: [Route 35-57] Estimated Timing Summary | WNS=6.519  | TNS=0.000  | WHS=0.232  | THS=0.000  |

INFO: [Route 35-327] The final timing numbers are based on the router estimated timing analysis. For a complete and accurate timing signoff, please run report_timing_summary.
Phase 12 Post Router Timing | Checksum: 23afd825f

Time (s): cpu = 00:00:35 ; elapsed = 00:00:32 . Memory (MB): peak = 2213.547 ; gain = 202.590
Total Elapsed time in route_design: 31.548 secs

Phase 13 Post-Route Event Processing
Phase 13 Post-Route Event Processing | Checksum: fa4eaed7

Time (s): cpu = 00:00:35 ; elapsed = 00:00:32 . Memory (MB): peak = 2213.547 ; gain = 202.590
INFO: [Route 35-16] Router Completed Successfully
Ending Routing Task | Checksum: fa4eaed7

Time (s): cpu = 00:00:35 ; elapsed = 00:00:32 . Memory (MB): peak = 2213.547 ; gain = 202.590

Routing Is Done.
INFO: [Common 17-83] Releasing license: Implementation
87 Infos, 38 Warnings, 38 Critical Warnings and 0 Errors encountered.
route_design completed successfully
route_design: Time (s): cpu = 00:00:36 ; elapsed = 00:00:32 . Memory (MB): peak = 2213.547 ; gain = 214.023
INFO: [Vivado 12-24828] Executing command : report_drc -file main_drc_routed.rpt -pb main_drc_routed.pb -rpx main_drc_routed.rpx
Command: report_drc -file main_drc_routed.rpt -pb main_drc_routed.pb -rpx main_drc_routed.rpx
INFO: [IP_Flow 19-1839] IP Catalog is up to date.
INFO: [DRC 23-27] Running DRC with 2 threads
INFO: [Vivado_Tcl 2-168] The results of DRC are in file E:/github/pruebas_ipd432/nombre_seven_seg/nombre_seven_seg.runs/impl_1/main_drc_routed.rpt.
report_drc completed successfully
INFO: [Vivado 12-24828] Executing command : report_methodology -file main_methodology_drc_routed.rpt -pb main_methodology_drc_routed.pb -rpx main_methodology_drc_routed.rpx
Command: report_methodology -file main_methodology_drc_routed.rpt -pb main_methodology_drc_routed.pb -rpx main_methodology_drc_routed.rpx
INFO: [Timing 38-35] Done setting XDC timing constraints.
INFO: [DRC 23-133] Running Methodology with 2 threads
INFO: [Vivado_Tcl 2-1520] The results of Report Methodology are in file E:/github/pruebas_ipd432/nombre_seven_seg/nombre_seven_seg.runs/impl_1/main_methodology_drc_routed.rpt.
report_methodology completed successfully
INFO: [Vivado 12-24828] Executing command : report_timing_summary -max_paths 10 -report_unconstrained -file main_timing_summary_routed.rpt -pb main_timing_summary_routed.pb -rpx main_timing_summary_routed.rpx -warn_on_violation 
INFO: [Timing 38-35] Done setting XDC timing constraints.
INFO: [Timing 38-91] UpdateTimingParams: Speed grade: -1, Delay Type: min_max.
INFO: [Timing 38-191] Multithreading enabled for timing update using a maximum of 2 CPUs
INFO: [Vivado 12-24838] Running report commands "report_incremental_reuse, report_route_status" in parallel.
Running report generation with 2 threads.
INFO: [Vivado 12-24828] Executing command : report_incremental_reuse -file main_incremental_reuse_routed.rpt
INFO: [Vivado_Tcl 4-1062] Incremental flow is disabled. No incremental reuse Info to report.
INFO: [Vivado 12-24828] Executing command : report_route_status -file main_route_status.rpt -pb main_route_status.pb
INFO: [Vivado 12-24828] Executing command : report_power -file main_power_routed.rpt -pb main_power_summary_routed.pb -rpx main_power_routed.rpx
Command: report_power -file main_power_routed.rpt -pb main_power_summary_routed.pb -rpx main_power_routed.rpx
Running Vector-less Activity Propagation...

Finished Running Vector-less Activity Propagation
104 Infos, 38 Warnings, 38 Critical Warnings and 0 Errors encountered.
report_power completed successfully
INFO: [Vivado 12-24828] Executing command : report_clock_utilization -file main_clock_utilization_routed.rpt
WARNING: [Device 21-9320] Failed to find the Oracle tile group with name 'HSR_BOUNDARY_TOP'. This is required for Clock regions and Virtual grid.
WARNING: [Device 21-2174] Failed to initialize Virtual grid.
INFO: [Vivado 12-24828] Executing command : report_bus_skew -warn_on_violation -file main_bus_skew_routed.rpt -pb main_bus_skew_routed.pb -rpx main_bus_skew_routed.rpx
INFO: [Timing 38-91] UpdateTimingParams: Speed grade: -1, Delay Type: min_max.
INFO: [Timing 38-191] Multithreading enabled for timing update using a maximum of 2 CPUs
Write ShapeDB Complete: Time (s): cpu = 00:00:00 ; elapsed = 00:00:00.001 . Memory (MB): peak = 2213.547 ; gain = 0.000
INFO: [Timing 38-480] Writing timing data to binary archive.
Wrote PlaceDB: Time (s): cpu = 00:00:00 ; elapsed = 00:00:00.006 . Memory (MB): peak = 2213.547 ; gain = 0.000
Wrote PulsedLatchDB: Time (s): cpu = 00:00:00 ; elapsed = 00:00:00 . Memory (MB): peak = 2213.547 ; gain = 0.000
Writing XDEF routing.
Writing XDEF routing logical nets.
Writing XDEF routing special nets.
Wrote RouteStorage: Time (s): cpu = 00:00:00 ; elapsed = 00:00:00.018 . Memory (MB): peak = 2213.547 ; gain = 0.000
Wrote Netlist Cache: Time (s): cpu = 00:00:00 ; elapsed = 00:00:00 . Memory (MB): peak = 2213.547 ; gain = 0.000
Wrote Device Cache: Time (s): cpu = 00:00:00 ; elapsed = 00:00:00.006 . Memory (MB): peak = 2213.547 ; gain = 0.000
Write Physdb Complete: Time (s): cpu = 00:00:00 ; elapsed = 00:00:00.064 . Memory (MB): peak = 2213.547 ; gain = 0.000
INFO: [Common 17-1381] The checkpoint 'E:/github/pruebas_ipd432/nombre_seven_seg/nombre_seven_seg.runs/impl_1/main_routed.dcp' has been generated.
Command: write_bitstream -force main.bit
Attempting to get a license for feature 'Implementation' and/or device 'xc7a100t'
INFO: [Common 17-349] Got license for feature 'Implementation' and/or device 'xc7a100t'
Running DRC as a precondition to command write_bitstream
INFO: [IP_Flow 19-1839] IP Catalog is up to date.
INFO: [DRC 23-27] Running DRC with 2 threads
WARNING: [DRC CFGBVS-1] Missing CFGBVS and CONFIG_VOLTAGE Design Properties: Neither the CFGBVS nor CONFIG_VOLTAGE voltage property is set in the current_design.  Configuration bank voltage select (CFGBVS) must be set to VCCO or GND, and CONFIG_VOLTAGE must be set to the correct configuration voltage, in order to determine the I/O voltage support for the pins in bank 0.  It is suggested to specify these either using the 'Edit Device Properties' function in the GUI or directly in the XDC file using the following syntax:

 set_property CFGBVS value1 [current_design]
 #where value1 is either VCCO or GND

 set_property CONFIG_VOLTAGE value2 [current_design]
 #where value2 is the voltage provided to configuration bank 0

Refer to the device configuration user guide for more information.
INFO: [Vivado 12-3199] DRC finished with 0 Errors, 1 Warnings
INFO: [Vivado 12-3200] Please refer to the DRC report (report_drc) for more information.
INFO: [Designutils 20-2272] Running write_bitstream with 2 threads.
Loading data files...
Loading site data...
Loading route data...
Processing options...
Creating bitmap...
Creating bitstream...
Writing bitstream ./main.bit...
INFO: [Vivado 12-1842] Bitgen Completed Successfully.
INFO: [Project 1-1876] WebTalk data collection is mandatory when using a ULT device. To see the specific WebTalk data collected for your design, open the usage_statistics_webtalk.html or usage_statistics_webtalk.xml file in the implementation directory.
INFO: [Common 17-83] Releasing license: Implementation
119 Infos, 41 Warnings, 38 Critical Warnings and 0 Errors encountered.
write_bitstream completed successfully
write_bitstream: Time (s): cpu = 00:00:14 ; elapsed = 00:00:12 . Memory (MB): peak = 2592.406 ; gain = 378.859
INFO: [Common 17-206] Exiting Vivado at Tue Aug 27 22:03:03 2024...
