Vivado Simulator v2024.1
Copyright 1986-2022 Xilinx, Inc. All Rights Reserved.
Copyright 2022-2024 Advanced Micro Devices, Inc. All Rights Reserved.
Running: D:/Xilinx/Vivado/2024.1/bin/unwrapped/win64.o/xelab.exe --incr --debug typical --relax --mt 2 -L xil_defaultlib -L blk_mem_gen_v8_4_8 -L uvm -L unisims_ver -L unimacro_ver -L secureip -L xpm --snapshot testbench_behav xil_defaultlib.testbench xil_defaultlib.glbl -log elaborate.log 
Using 2 slave threads.
Starting static elaboration
Pass Through NonSizing Optimizer
WARNING: [VRFC 10-3091] actual bit length 32 differs from formal bit length 1 for port 'ena' [E:/github/pruebas_ipd432/TAREA_2_UART/TAREA_2_UART.srcs/sources_1/new/memory_unit.sv:97]
WARNING: [VRFC 10-3091] actual bit length 32 differs from formal bit length 1 for port 'ena' [E:/github/pruebas_ipd432/TAREA_2_UART/TAREA_2_UART.srcs/sources_1/new/memory_unit.sv:106]
WARNING: [VRFC 10-3823] variable 'uart_tx_usb' might have multiple concurrent drivers [E:/github/pruebas_ipd432/TAREA_2_UART/TAREA_2_UART.srcs/sim_1/new/testbench.sv:16]
Completed static elaboration
Starting simulation data flow analysis
Completed simulation data flow analysis
Time Resolution for simulation is 1ps
Compiling module unisims_ver.IBUF
Compiling module unisims_ver.MMCME2_ADV(BANDWIDTH="HIGH",CLKF...
Compiling module unisims_ver.BUFG
Compiling module xil_defaultlib.clk_wiz_0_clk_wiz
Compiling module xil_defaultlib.clk_wiz_0
Compiling module xil_defaultlib.uart_baud_tick_gen(CLK_FREQUENCY...
Compiling module xil_defaultlib.data_sync
Compiling module xil_defaultlib.uart_rx
Compiling module xil_defaultlib.uart_baud_tick_gen(CLK_FREQUENCY...
Compiling module xil_defaultlib.uart_tx
Compiling module xil_defaultlib.uart_basic
Compiling module xil_defaultlib.main_FSM
Compiling module xil_defaultlib.EContadorN(N=5)
Compiling module xil_defaultlib.EContadorN(N=11)
Compiling module blk_mem_gen_v8_4_8.blk_mem_gen_v8_4_8_output_stage(...
Compiling module blk_mem_gen_v8_4_8.blk_mem_gen_v8_4_8_output_stage(...
Compiling module blk_mem_gen_v8_4_8.blk_mem_gen_v8_4_8_softecc_outpu...
Compiling module blk_mem_gen_v8_4_8.blk_mem_gen_v8_4_8_mem_module(C_...
Compiling module blk_mem_gen_v8_4_8.blk_mem_gen_v8_4_8(C_FAMILY="art...
Compiling module xil_defaultlib.blk_mem_gen_ff
Compiling module xil_defaultlib.dista_FSM
Compiling module xil_defaultlib.memory_unit
Compiling module xil_defaultlib.TOP_module_default
Compiling module xil_defaultlib.testbench
Compiling module xil_defaultlib.glbl
Built simulation snapshot testbench_behav
