
*** Running vivado
    with args -log TOP_ECHO.vds -m64 -product Vivado -mode batch -messageDb vivado.pb -notrace -source TOP_ECHO.tcl



****** Vivado v2024.1 (64-bit)
  **** SW Build 5076996 on Wed May 22 18:37:14 MDT 2024
  **** IP Build 5075265 on Wed May 22 21:45:21 MDT 2024
  **** SharedData Build 5076995 on Wed May 22 18:29:18 MDT 2024
  **** Start of session at: Fri Oct  4 00:24:08 2024
    ** Copyright 1986-2022 Xilinx, Inc. All Rights Reserved.
    ** Copyright 2022-2024 Advanced Micro Devices, Inc. All Rights Reserved.

source TOP_ECHO.tcl -notrace
WARNING: [Common 17-1361] You have specified a new message control rule that is equivalent to an existing rule with attributes ' -id {17-179}  -suppress '. The existing rule will be replaced.
WARNING: [Common 17-1361] You have specified a new message control rule that is equivalent to an existing rule with attributes ' -id {17-179}  -suppress '. The existing rule will be replaced.
create_project: Time (s): cpu = 00:00:08 ; elapsed = 00:00:11 . Memory (MB): peak = 484.148 ; gain = 201.145
Command: read_checkpoint -auto_incremental -incremental E:/github/pruebas_ipd432/TAREA_2_UART/TAREA_2_UART.srcs/utils_1/imports/synth_1/TOP_ECHO.dcp
INFO: [Vivado 12-5825] Read reference checkpoint from E:/github/pruebas_ipd432/TAREA_2_UART/TAREA_2_UART.srcs/utils_1/imports/synth_1/TOP_ECHO.dcp for incremental synthesis
INFO: [Vivado 12-7989] Please ensure there are no constraint changes
Command: synth_design -top TOP_ECHO -part xc7a100tcsg324-1
Starting synth_design
Attempting to get a license for feature 'Synthesis' and/or device 'xc7a100t'
INFO: [Common 17-349] Got license for feature 'Synthesis' and/or device 'xc7a100t'
INFO: [Device 21-403] Loading part xc7a100tcsg324-1
INFO: [Device 21-9227] Part: xc7a100tcsg324-1 does not have CEAM library.
INFO: [Designutils 20-5440] No compile time benefit to using incremental synthesis; A full resynthesis will be run
INFO: [Designutils 20-4379] Flow is switching to default flow due to incremental criteria not met. If you would like to alter this behaviour and have the flow terminate instead, please set the following parameter config_implementation {autoIncr.Synth.RejectBehavior Terminate}
INFO: [Synth 8-7079] Multithreading enabled for synth_design using a maximum of 2 processes.
INFO: [Synth 8-7078] Launching helper process for spawning children vivado processes
WARNING: [Common 17-1361] You have specified a new message control rule that is equivalent to an existing rule with attributes ' -id {17-179}  -suppress '. The existing rule will be replaced.
INFO: [Synth 8-7075] Helper process launched with PID 9596
---------------------------------------------------------------------------------
Starting RTL Elaboration : Time (s): cpu = 00:00:07 ; elapsed = 00:00:10 . Memory (MB): peak = 1385.684 ; gain = 447.648
---------------------------------------------------------------------------------
INFO: [Synth 8-11241] undeclared symbol 'rx_ready', assumed default net type 'wire' [E:/github/pruebas_ipd432/TAREA_2_UART/TAREA_2_UART.srcs/sources_1/new/TOP_ECHO.sv:62]
INFO: [Synth 8-11241] undeclared symbol 'tx_busy', assumed default net type 'wire' [E:/github/pruebas_ipd432/TAREA_2_UART/TAREA_2_UART.srcs/sources_1/new/TOP_ECHO.sv:66]
INFO: [Synth 8-6157] synthesizing module 'TOP_ECHO' [E:/github/pruebas_ipd432/TAREA_2_UART/TAREA_2_UART.srcs/sources_1/new/TOP_ECHO.sv:23]
INFO: [Synth 8-6157] synthesizing module 'uart_basic' [E:/github/pruebas_ipd432/Modulos_utiles/uart/uart_basic.v:10]
	Parameter CLK_FREQUENCY bound to: 100000000 - type: integer 
	Parameter BAUD_RATE bound to: 115200 - type: integer 
INFO: [Synth 8-6157] synthesizing module 'uart_baud_tick_gen' [E:/github/pruebas_ipd432/Modulos_utiles/uart/uart_baud_tick_gen.v:11]
	Parameter CLK_FREQUENCY bound to: 100000000 - type: integer 
	Parameter BAUD_RATE bound to: 115200 - type: integer 
	Parameter OVERSAMPLING bound to: 8 - type: integer 
INFO: [Synth 8-6155] done synthesizing module 'uart_baud_tick_gen' (0#1) [E:/github/pruebas_ipd432/Modulos_utiles/uart/uart_baud_tick_gen.v:11]
INFO: [Synth 8-6157] synthesizing module 'uart_rx' [E:/github/pruebas_ipd432/Modulos_utiles/uart/uart_rx.v:10]
INFO: [Synth 8-6157] synthesizing module 'data_sync' [E:/github/pruebas_ipd432/Modulos_utiles/uart/data_sync.v:11]
INFO: [Synth 8-6155] done synthesizing module 'data_sync' (0#1) [E:/github/pruebas_ipd432/Modulos_utiles/uart/data_sync.v:11]
INFO: [Synth 8-155] case statement is not full and has no default [E:/github/pruebas_ipd432/Modulos_utiles/uart/uart_rx.v:78]
INFO: [Synth 8-6155] done synthesizing module 'uart_rx' (0#1) [E:/github/pruebas_ipd432/Modulos_utiles/uart/uart_rx.v:10]
INFO: [Synth 8-6157] synthesizing module 'uart_baud_tick_gen__parameterized0' [E:/github/pruebas_ipd432/Modulos_utiles/uart/uart_baud_tick_gen.v:11]
	Parameter CLK_FREQUENCY bound to: 100000000 - type: integer 
	Parameter BAUD_RATE bound to: 115200 - type: integer 
	Parameter OVERSAMPLING bound to: 1 - type: integer 
INFO: [Synth 8-6155] done synthesizing module 'uart_baud_tick_gen__parameterized0' (0#1) [E:/github/pruebas_ipd432/Modulos_utiles/uart/uart_baud_tick_gen.v:11]
INFO: [Synth 8-6157] synthesizing module 'uart_tx' [E:/github/pruebas_ipd432/Modulos_utiles/uart/uart_tx.v:10]
INFO: [Synth 8-6155] done synthesizing module 'uart_tx' (0#1) [E:/github/pruebas_ipd432/Modulos_utiles/uart/uart_tx.v:10]
INFO: [Synth 8-6155] done synthesizing module 'uart_basic' (0#1) [E:/github/pruebas_ipd432/Modulos_utiles/uart/uart_basic.v:10]
WARNING: [Synth 8-4446] all outputs are unconnected for this instance and logic may be removed [E:/github/pruebas_ipd432/TAREA_2_UART/TAREA_2_UART.srcs/sources_1/new/TOP_ECHO.sv:71]
INFO: [Synth 8-6157] synthesizing module 'ila_1' [E:/github/pruebas_ipd432/TAREA_2_UART/TAREA_2_UART.runs/synth_1/.Xil/Vivado-4212-DESKTOP-MK895J2/realtime/ila_1_stub.v:6]
INFO: [Synth 8-6155] done synthesizing module 'ila_1' (0#1) [E:/github/pruebas_ipd432/TAREA_2_UART/TAREA_2_UART.runs/synth_1/.Xil/Vivado-4212-DESKTOP-MK895J2/realtime/ila_1_stub.v:6]
INFO: [Synth 8-6155] done synthesizing module 'TOP_ECHO' (0#1) [E:/github/pruebas_ipd432/TAREA_2_UART/TAREA_2_UART.srcs/sources_1/new/TOP_ECHO.sv:23]
INFO: [Synth 8-6071] Mark debug on the nets applies keep_hierarchy on instance 'uart_basic_inst'. This will prevent further optimization [E:/github/pruebas_ipd432/TAREA_2_UART/TAREA_2_UART.srcs/sources_1/new/TOP_ECHO.sv:57]
INFO: [Synth 8-6071] Mark debug on the nets applies keep_hierarchy on instance 'your_instance_name'. This will prevent further optimization [E:/github/pruebas_ipd432/TAREA_2_UART/TAREA_2_UART.srcs/sources_1/new/TOP_ECHO.sv:71]
---------------------------------------------------------------------------------
Finished RTL Elaboration : Time (s): cpu = 00:00:09 ; elapsed = 00:00:13 . Memory (MB): peak = 1499.773 ; gain = 561.738
---------------------------------------------------------------------------------
---------------------------------------------------------------------------------
Start Handling Custom Attributes
---------------------------------------------------------------------------------
---------------------------------------------------------------------------------
Finished Handling Custom Attributes : Time (s): cpu = 00:00:09 ; elapsed = 00:00:14 . Memory (MB): peak = 1499.773 ; gain = 561.738
---------------------------------------------------------------------------------
---------------------------------------------------------------------------------
Finished RTL Optimization Phase 1 : Time (s): cpu = 00:00:09 ; elapsed = 00:00:14 . Memory (MB): peak = 1499.773 ; gain = 561.738
---------------------------------------------------------------------------------
Netlist sorting complete. Time (s): cpu = 00:00:00 ; elapsed = 00:00:00.001 . Memory (MB): peak = 1499.773 ; gain = 0.000
INFO: [Project 1-570] Preparing netlist for logic optimization

Processing XDC Constraints
Initializing timing engine
Parsing XDC File [e:/github/pruebas_ipd432/TAREA_2_UART/TAREA_2_UART.gen/sources_1/ip/ila_1/ila_1/ila_1_in_context.xdc] for cell 'your_instance_name'
Finished Parsing XDC File [e:/github/pruebas_ipd432/TAREA_2_UART/TAREA_2_UART.gen/sources_1/ip/ila_1/ila_1/ila_1_in_context.xdc] for cell 'your_instance_name'
Parsing XDC File [E:/github/pruebas_ipd432/TAREA_2_UART/UART_master_const.xdc]
Finished Parsing XDC File [E:/github/pruebas_ipd432/TAREA_2_UART/UART_master_const.xdc]
INFO: [Project 1-236] Implementation specific constraints were found while reading constraint file [E:/github/pruebas_ipd432/TAREA_2_UART/UART_master_const.xdc]. These constraints will be ignored for synthesis but will be used in implementation. Impacted constraints are listed in the file [.Xil/TOP_ECHO_propImpl.xdc].
Resolution: To avoid this warning, move constraints listed in [.Xil/TOP_ECHO_propImpl.xdc] to another XDC file and exclude this new file from synthesis with the used_in_synthesis property (File Properties dialog in GUI) and re-run elaboration/synthesis.
Completed Processing XDC Constraints

Netlist sorting complete. Time (s): cpu = 00:00:00 ; elapsed = 00:00:00.001 . Memory (MB): peak = 1589.309 ; gain = 0.000
INFO: [Project 1-111] Unisim Transformation Summary:
No Unisim elements were transformed.

Constraint Validation Runtime : Time (s): cpu = 00:00:00 ; elapsed = 00:00:00.038 . Memory (MB): peak = 1589.309 ; gain = 0.000
INFO: [Designutils 20-5440] No compile time benefit to using incremental synthesis; A full resynthesis will be run
INFO: [Designutils 20-4379] Flow is switching to default flow due to incremental criteria not met. If you would like to alter this behaviour and have the flow terminate instead, please set the following parameter config_implementation {autoIncr.Synth.RejectBehavior Terminate}
---------------------------------------------------------------------------------
Finished Constraint Validation : Time (s): cpu = 00:00:19 ; elapsed = 00:00:29 . Memory (MB): peak = 1589.309 ; gain = 651.273
---------------------------------------------------------------------------------
---------------------------------------------------------------------------------
Start Loading Part and Timing Information
---------------------------------------------------------------------------------
Loading part: xc7a100tcsg324-1
---------------------------------------------------------------------------------
Finished Loading Part and Timing Information : Time (s): cpu = 00:00:19 ; elapsed = 00:00:29 . Memory (MB): peak = 1589.309 ; gain = 651.273
---------------------------------------------------------------------------------
---------------------------------------------------------------------------------
Start Applying 'set_property' XDC Constraints
---------------------------------------------------------------------------------
Applied set_property KEEP_HIERARCHY = SOFT for your_instance_name. (constraint file  auto generated constraint).
---------------------------------------------------------------------------------
Finished applying 'set_property' XDC Constraints : Time (s): cpu = 00:00:19 ; elapsed = 00:00:29 . Memory (MB): peak = 1589.309 ; gain = 651.273
---------------------------------------------------------------------------------
INFO: [Synth 8-802] inferred FSM for state register 'state_reg' in module 'uart_rx'
INFO: [Synth 8-802] inferred FSM for state register 'state_reg' in module 'uart_tx'
---------------------------------------------------------------------------------------------------
                   State |                     New Encoding |                Previous Encoding 
---------------------------------------------------------------------------------------------------
                 RX_IDLE |                              000 |                              000
                RX_START |                              001 |                              001
                 RX_RECV |                              010 |                              010
                 RX_STOP |                              011 |                              011
                RX_READY |                              100 |                              100
---------------------------------------------------------------------------------------------------
INFO: [Synth 8-3354] encoded FSM with state register 'state_reg' using encoding 'sequential' in module 'uart_rx'
---------------------------------------------------------------------------------------------------
                   State |                     New Encoding |                Previous Encoding 
---------------------------------------------------------------------------------------------------
                 TX_IDLE |                               00 |                               00
                TX_START |                               01 |                               01
                 TX_SEND |                               10 |                               10
                 TX_STOP |                               11 |                               11
---------------------------------------------------------------------------------------------------
INFO: [Synth 8-3354] encoded FSM with state register 'state_reg' using encoding 'sequential' in module 'uart_tx'
---------------------------------------------------------------------------------
Finished RTL Optimization Phase 2 : Time (s): cpu = 00:00:20 ; elapsed = 00:00:29 . Memory (MB): peak = 1589.309 ; gain = 651.273
---------------------------------------------------------------------------------
---------------------------------------------------------------------------------
Start RTL Component Statistics 
---------------------------------------------------------------------------------
Detailed RTL Component Info : 
+---Adders : 
	   2 Input   19 Bit       Adders := 2     
	   2 Input    3 Bit       Adders := 3     
	   2 Input    2 Bit       Adders := 1     
+---Registers : 
	               19 Bit    Registers := 2     
	                8 Bit    Registers := 2     
	                3 Bit    Registers := 3     
	                2 Bit    Registers := 3     
	                1 Bit    Registers := 3     
+---Muxes : 
	   4 Input    3 Bit        Muxes := 3     
	   5 Input    3 Bit        Muxes := 1     
	   2 Input    3 Bit        Muxes := 1     
	   2 Input    2 Bit        Muxes := 5     
	   4 Input    2 Bit        Muxes := 1     
	   2 Input    1 Bit        Muxes := 2     
	   3 Input    1 Bit        Muxes := 1     
	   4 Input    1 Bit        Muxes := 7     
	   5 Input    1 Bit        Muxes := 1     
---------------------------------------------------------------------------------
Finished RTL Component Statistics 
---------------------------------------------------------------------------------
---------------------------------------------------------------------------------
Start Part Resource Summary
---------------------------------------------------------------------------------
Part Resources:
DSPs: 240 (col length:80)
BRAMs: 270 (col length: RAMB18 80 RAMB36 40)
---------------------------------------------------------------------------------
Finished Part Resource Summary
---------------------------------------------------------------------------------
---------------------------------------------------------------------------------
Start Cross Boundary and Area Optimization
---------------------------------------------------------------------------------
WARNING: [Synth 8-7080] Parallel synthesis criteria is not met
---------------------------------------------------------------------------------
Finished Cross Boundary and Area Optimization : Time (s): cpu = 00:00:23 ; elapsed = 00:00:34 . Memory (MB): peak = 1589.309 ; gain = 651.273
---------------------------------------------------------------------------------
---------------------------------------------------------------------------------
Start Applying XDC Timing Constraints
---------------------------------------------------------------------------------
---------------------------------------------------------------------------------
Finished Applying XDC Timing Constraints : Time (s): cpu = 00:00:30 ; elapsed = 00:00:44 . Memory (MB): peak = 1589.309 ; gain = 651.273
---------------------------------------------------------------------------------
---------------------------------------------------------------------------------
Start Timing Optimization
---------------------------------------------------------------------------------
---------------------------------------------------------------------------------
Finished Timing Optimization : Time (s): cpu = 00:00:30 ; elapsed = 00:00:44 . Memory (MB): peak = 1589.309 ; gain = 651.273
---------------------------------------------------------------------------------
---------------------------------------------------------------------------------
Start Technology Mapping
---------------------------------------------------------------------------------
---------------------------------------------------------------------------------
Finished Technology Mapping : Time (s): cpu = 00:00:30 ; elapsed = 00:00:44 . Memory (MB): peak = 1589.309 ; gain = 651.273
---------------------------------------------------------------------------------
---------------------------------------------------------------------------------
Start IO Insertion
---------------------------------------------------------------------------------
---------------------------------------------------------------------------------
Start Flattening Before IO Insertion
---------------------------------------------------------------------------------
---------------------------------------------------------------------------------
Finished Flattening Before IO Insertion
---------------------------------------------------------------------------------
---------------------------------------------------------------------------------
Start Final Netlist Cleanup
---------------------------------------------------------------------------------
---------------------------------------------------------------------------------
Finished Final Netlist Cleanup
---------------------------------------------------------------------------------
---------------------------------------------------------------------------------
Finished IO Insertion : Time (s): cpu = 00:00:38 ; elapsed = 00:00:56 . Memory (MB): peak = 1589.309 ; gain = 651.273
---------------------------------------------------------------------------------
---------------------------------------------------------------------------------
Start Renaming Generated Instances
---------------------------------------------------------------------------------
---------------------------------------------------------------------------------
Finished Renaming Generated Instances : Time (s): cpu = 00:00:38 ; elapsed = 00:00:56 . Memory (MB): peak = 1589.309 ; gain = 651.273
---------------------------------------------------------------------------------
---------------------------------------------------------------------------------
Start Rebuilding User Hierarchy
---------------------------------------------------------------------------------
---------------------------------------------------------------------------------
Finished Rebuilding User Hierarchy : Time (s): cpu = 00:00:38 ; elapsed = 00:00:56 . Memory (MB): peak = 1589.309 ; gain = 651.273
---------------------------------------------------------------------------------
---------------------------------------------------------------------------------
Start Renaming Generated Ports
---------------------------------------------------------------------------------
---------------------------------------------------------------------------------
Finished Renaming Generated Ports : Time (s): cpu = 00:00:38 ; elapsed = 00:00:56 . Memory (MB): peak = 1589.309 ; gain = 651.273
---------------------------------------------------------------------------------
---------------------------------------------------------------------------------
Start Handling Custom Attributes
---------------------------------------------------------------------------------
---------------------------------------------------------------------------------
Finished Handling Custom Attributes : Time (s): cpu = 00:00:38 ; elapsed = 00:00:56 . Memory (MB): peak = 1589.309 ; gain = 651.273
---------------------------------------------------------------------------------
---------------------------------------------------------------------------------
Start Renaming Generated Nets
---------------------------------------------------------------------------------
---------------------------------------------------------------------------------
Finished Renaming Generated Nets : Time (s): cpu = 00:00:38 ; elapsed = 00:00:56 . Memory (MB): peak = 1589.309 ; gain = 651.273
---------------------------------------------------------------------------------
---------------------------------------------------------------------------------
Start Writing Synthesis Report
---------------------------------------------------------------------------------

Report BlackBoxes: 
+------+--------------+----------+
|      |BlackBox name |Instances |
+------+--------------+----------+
|1     |ila_1         |         1|
+------+--------------+----------+

Report Cell Usage: 
+------+-------+------+
|      |Cell   |Count |
+------+-------+------+
|1     |ila    |     1|
|2     |BUFG   |     1|
|3     |CARRY4 |     9|
|4     |LUT1   |    19|
|5     |LUT2   |     5|
|6     |LUT3   |     5|
|7     |LUT4   |     3|
|8     |LUT5   |     7|
|9     |LUT6   |    13|
|10    |FDRE   |    70|
|11    |FDSE   |     5|
|12    |IBUF   |     4|
|13    |OBUF   |     1|
+------+-------+------+
---------------------------------------------------------------------------------
Finished Writing Synthesis Report : Time (s): cpu = 00:00:38 ; elapsed = 00:00:56 . Memory (MB): peak = 1589.309 ; gain = 651.273
---------------------------------------------------------------------------------
Synthesis finished with 0 errors, 0 critical warnings and 1 warnings.
Synthesis Optimization Runtime : Time (s): cpu = 00:00:26 ; elapsed = 00:00:51 . Memory (MB): peak = 1589.309 ; gain = 561.738
Synthesis Optimization Complete : Time (s): cpu = 00:00:38 ; elapsed = 00:00:56 . Memory (MB): peak = 1589.309 ; gain = 651.273
INFO: [Project 1-571] Translating synthesized netlist
Netlist sorting complete. Time (s): cpu = 00:00:00 ; elapsed = 00:00:00.001 . Memory (MB): peak = 1589.309 ; gain = 0.000
INFO: [Netlist 29-17] Analyzing 9 Unisim elements for replacement
INFO: [Netlist 29-28] Unisim Transformation completed in 0 CPU seconds
INFO: [Project 1-570] Preparing netlist for logic optimization
INFO: [Opt 31-138] Pushed 0 inverter(s) to 0 load pin(s).
Netlist sorting complete. Time (s): cpu = 00:00:00 ; elapsed = 00:00:00 . Memory (MB): peak = 1589.309 ; gain = 0.000
INFO: [Project 1-111] Unisim Transformation Summary:
No Unisim elements were transformed.

Synth Design complete | Checksum: 84e98d65
INFO: [Common 17-83] Releasing license: Synthesis
47 Infos, 5 Warnings, 0 Critical Warnings and 0 Errors encountered.
synth_design completed successfully
synth_design: Time (s): cpu = 00:00:45 ; elapsed = 00:01:06 . Memory (MB): peak = 1589.309 ; gain = 1061.234
Write ShapeDB Complete: Time (s): cpu = 00:00:00 ; elapsed = 00:00:00.004 . Memory (MB): peak = 1589.309 ; gain = 0.000
INFO: [Common 17-1381] The checkpoint 'E:/github/pruebas_ipd432/TAREA_2_UART/TAREA_2_UART.runs/synth_1/TOP_ECHO.dcp' has been generated.
INFO: [Vivado 12-24828] Executing command : report_utilization -file TOP_ECHO_utilization_synth.rpt -pb TOP_ECHO_utilization_synth.pb
INFO: [Common 17-206] Exiting Vivado at Fri Oct  4 00:25:32 2024...
